e:\software\20180529\3\qpanda-2.0-2\qpanda-2.0.windows\x64\debug\vc141.pdb
e:\software\20180529\3\qpanda-2.0-2\qpanda-2.0.windows\x64\debug\vc141.idb
e:\software\20180529\3\qpanda-2.0-2\qpanda-2.0.windows\x64\debug\qgate.obj
e:\software\20180529\3\qpanda-2.0-2\qpanda-2.0.windows\x64\debug\qprogram.obj
e:\software\20180529\3\qpanda-2.0-2\qpanda-2.0.windows\x64\debug\qcircuitparse.obj
e:\software\20180529\3\qpanda-2.0-2\qpanda-2.0.windows\x64\debug\quantumgates.obj
e:\software\20180529\3\qpanda-2.0-2\qpanda-2.0.windows\x64\debug\x86quantumgates.obj
e:\software\20180529\3\qpanda-2.0-2\qpanda-2.0.windows\x64\debug\classicalconditioninterface.obj
e:\software\20180529\3\qpanda-2.0-2\qpanda-2.0.windows\x64\debug\factory.obj
e:\software\20180529\3\qpanda-2.0-2\qpanda-2.0.windows\x64\debug\originclassicalexpression.obj
e:\software\20180529\3\qpanda-2.0-2\qpanda-2.0.windows\x64\debug\originclassicalsystem.obj
e:\software\20180529\3\qpanda-2.0-2\qpanda-2.0.windows\x64\debug\originphysicalqubit.obj
e:\software\20180529\3\qpanda-2.0-2\qpanda-2.0.windows\x64\debug\originqmachinestatus.obj
e:\software\20180529\3\qpanda-2.0-2\qpanda-2.0.windows\x64\debug\originqresult.obj
e:\software\20180529\3\qpanda-2.0-2\qpanda-2.0.windows\x64\debug\originquantummachine.obj
e:\software\20180529\3\qpanda-2.0-2\qpanda-2.0.windows\x64\debug\originqubit.obj
e:\software\20180529\3\qpanda-2.0-2\qpanda-2.0.windows\x64\debug\originqubitpool.obj
e:\software\20180529\3\qpanda-2.0-2\qpanda-2.0.windows\x64\debug\originqvm.obj
e:\software\20180529\3\qpanda-2.0-2\qpanda-2.0.windows\x64\debug\quantummachineinterface.obj
e:\software\20180529\3\qpanda-2.0-2\qpanda-2.0.windows\x64\debug\quantumprogramsystem.obj
e:\software\20180529\3\qpanda-2.0-2\x64\debug\qpanda-2.0.windows.ilk
e:\software\20180529\3\qpanda-2.0-2\x64\debug\qpanda-2.0.windows.exe
e:\software\20180529\3\qpanda-2.0-2\x64\debug\qpanda-2.0.windows.pdb
e:\software\20180529\3\qpanda-2.0-2\qpanda-2.0.windows\x64\debug\qpanda-2.82013c14.tlog\cl.command.1.tlog
e:\software\20180529\3\qpanda-2.0-2\qpanda-2.0.windows\x64\debug\qpanda-2.82013c14.tlog\cl.read.1.tlog
e:\software\20180529\3\qpanda-2.0-2\qpanda-2.0.windows\x64\debug\qpanda-2.82013c14.tlog\cl.write.1.tlog
e:\software\20180529\3\qpanda-2.0-2\qpanda-2.0.windows\x64\debug\qpanda-2.82013c14.tlog\link.command.1.tlog
e:\software\20180529\3\qpanda-2.0-2\qpanda-2.0.windows\x64\debug\qpanda-2.82013c14.tlog\link.read.1.tlog
e:\software\20180529\3\qpanda-2.0-2\qpanda-2.0.windows\x64\debug\qpanda-2.82013c14.tlog\link.write.1.tlog
